<?xml version="1.0" encoding="UTF-8"?>
<testsuite xmlns:xsi="http://www.w3.org/2001/XMLSchema-instance" xsi:noNamespaceSchemaLocation="https://maven.apache.org/surefire/maven-surefire-plugin/xsd/surefire-test-report.xsd" name="com.usyd.capstone.controller.ProductControllerTest" time="20.236" tests="4" errors="0" skipped="0" failures="0">
  <properties>
[...]
</properties>
  <testcase name="getProductsWithPrices" classname="com.usyd.capstone.controller.ProductControllerTest" time="0.046"/>
  <testcase name="getProductDetail" classname="com.usyd.capstone.controller.ProductControllerTest" time="0.439"/>
  <testcase name="uploadProduct" classname="com.usyd.capstone.controller.ProductControllerTest" time="0.001"/>
  <testcase name="uploadImage" classname="com.usyd.capstone.controller.ProductControllerTest" time="0.001"/>
</testsuite>